<?xml version="1.0" encoding="UTF-8" ?>
<testsuite tests="11" failures="0" name="org.locationtech.Lastly.FeatureMonitorDAOTest" time="0.112" errors="0" skipped="0">
  <properties>
[...]
</properties>
  <testcase classname="org.locationtech.Lastly.FeatureMonitorDAOTest" name="test" time="0.023"/>
  <testcase classname="org.locationtech.Lastly.FeatureMonitorDAOTest" name="testMappings" time="0"/>
  <testcase classname="org.locationtech.Lastly.FeatureMonitorDAOTest" name="testQueryById" time="0.044"/>
  <testcase classname="org.locationtech.Lastly.FeatureMonitorDAOTest" name="testCount" time="0.004"/>
  <testcase classname="org.locationtech.Lastly.FeatureMonitorDAOTest" name="testGTE" time="0.017"/>
  <testcase classname="org.locationtech.Lastly.FeatureMonitorDAOTest" name="testOr" time="0.007"/>
  <testcase classname="org.locationtech.Lastly.FeatureMonitorDAOTest" name="testAnd" time="0.005"/>
  <testcase classname="org.locationtech.Lastly.FeatureMonitorDAOTest" name="testLT" time="0.003"/>
  <testcase classname="org.locationtech.Lastly.FeatureMonitorDAOTest" name="testEquals" time="0.003"/>
  <testcase classname="org.locationtech.Lastly.FeatureMonitorDAOTest" name="testGT" time="0.003"/>
  <testcase classname="org.locationtech.Lastly.FeatureMonitorDAOTest" name="testIN" time="0.003"/>
</testsuite>